--------------------------------------------------------------------------------
Process Logger:
--------------------------------------------------------------------------------

{'name': 'System Idle Process', 'pid': 0, 'username': 'NT AUTHORITY\\SYSTEM', 'vms': 0.05078125}
{'name': 'System', 'pid': 4, 'username': 'NT AUTHORITY\\SYSTEM', 'vms': 0.41796875}
{'name': 'cmd.exe', 'pid': 104, 'username': 'DESKTOP-HD08MFE\\Gauri', 'vms': 2.2109375}
{'name': 'winlogon.exe', 'pid': 344, 'username': None, 'vms': 2.2734375}
{'name': 'smss.exe', 'pid': 372, 'username': None, 'vms': 0.4453125}
{'name': 'fontdrvhost.exe', 'pid': 504, 'username': None, 'vms': 4.1484375}
{'name': 'csrss.exe', 'pid': 552, 'username': None, 'vms': 1.828125}
{'name': 'WUDFHost.exe', 'pid': 584, 'username': None, 'vms': 1.8125}
{'name': 'svchost.exe', 'pid': 660, 'username': None, 'vms': 7.1796875}
{'name': 'wininit.exe', 'pid': 664, 'username': None, 'vms': 1.2578125}
{'name': 'csrss.exe', 'pid': 680, 'username': None, 'vms': 2.33984375}
{'name': 'services.exe', 'pid': 736, 'username': None, 'vms': 5.171875}
{'name': 'lsass.exe', 'pid': 780, 'username': None, 'vms': 6.359375}
{'name': 'LockApp.exe', 'pid': 824, 'username': 'DESKTOP-HD08MFE\\Gauri', 'vms': 14.40625}
{'name': 'svchost.exe', 'pid': 892, 'username': None, 'vms': 0.91015625}
{'name': 'svchost.exe', 'pid': 916, 'username': None, 'vms': 11.3515625}
{'name': 'fontdrvhost.exe', 'pid': 936, 'username': None, 'vms': 1.83203125}
{'name': 'RuntimeBroker.exe', 'pid': 984, 'username': 'DESKTOP-HD08MFE\\Gauri', 'vms': 8.8828125}
{'name': 'dasHost.exe', 'pid': 1056, 'username': None, 'vms': 3.3046875}
{'name': 'svchost.exe', 'pid': 1060, 'username': None, 'vms': 2.47265625}
{'name': 'svchost.exe', 'pid': 1136, 'username': None, 'vms': 4.84765625}
{'name': 'dwm.exe', 'pid': 1156, 'username': None, 'vms': 60.125}
{'name': 'svchost.exe', 'pid': 1220, 'username': None, 'vms': 1.9375}
{'name': 'svchost.exe', 'pid': 1272, 'username': None, 'vms': 3.515625}
{'name': 'svchost.exe', 'pid': 1320, 'username': None, 'vms': 2.46484375}
{'name': 'svchost.exe', 'pid': 1328, 'username': None, 'vms': 7.90625}
{'name': 'RuntimeBroker.exe', 'pid': 1384, 'username': 'DESKTOP-HD08MFE\\Gauri', 'vms': 6.3359375}
{'name': 'svchost.exe', 'pid': 1440, 'username': None, 'vms': 6.015625}
{'name': 'svchost.exe', 'pid': 1448, 'username': None, 'vms': 13.6484375}
{'name': 'svchost.exe', 'pid': 1508, 'username': None, 'vms': 2.109375}
{'name': 'svchost.exe', 'pid': 1588, 'username': None, 'vms': 2.4375}
{'name': 'RuntimeBroker.exe', 'pid': 1616, 'username': 'DESKTOP-HD08MFE\\Gauri', 'vms': 7.05078125}
{'name': 'Explorer.exe', 'pid': 1648, 'username': 'DESKTOP-HD08MFE\\Gauri', 'vms': 55.08984375}
{'name': 'svchost.exe', 'pid': 1672, 'username': None, 'vms': 1.6796875}
{'name': 'chrome.exe', 'pid': 1724, 'username': 'DESKTOP-HD08MFE\\Gauri', 'vms': 23.82421875}
{'name': 'svchost.exe', 'pid': 1740, 'username': None, 'vms': 2.13671875}
{'name': 'svchost.exe', 'pid': 1760, 'username': None, 'vms': 4.35546875}
{'name': 'svchost.exe', 'pid': 1860, 'username': None, 'vms': 2.1953125}
{'name': 'NPAV4.EXE', 'pid': 1884, 'username': 'DESKTOP-HD08MFE\\Gauri', 'vms': 3.4921875}
{'name': 'svchost.exe', 'pid': 1940, 'username': None, 'vms': 1.546875}
{'name': 'svchost.exe', 'pid': 1948, 'username': None, 'vms': 1.8671875}
{'name': 'svchost.exe', 'pid': 1956, 'username': None, 'vms': 1.90234375}
{'name': 'SmartAudio.exe', 'pid': 1984, 'username': 'DESKTOP-HD08MFE\\Gauri', 'vms': 56.06640625}
{'name': 'NVDisplay.Container.exe', 'pid': 2068, 'username': None, 'vms': 2.546875}
{'name': 'svchost.exe', 'pid': 2080, 'username': None, 'vms': 1.9765625}
{'name': 'cmd.exe', 'pid': 2100, 'username': 'DESKTOP-HD08MFE\\Gauri', 'vms': 2.0859375}
{'name': 'NPAVIDS.EXE', 'pid': 2120, 'username': None, 'vms': 3.1171875}
{'name': 'svchost.exe', 'pid': 2128, 'username': None, 'vms': 2.671875}
{'name': 'chrome.exe', 'pid': 2132, 'username': 'DESKTOP-HD08MFE\\Gauri', 'vms': 70.41015625}
{'name': 'svchost.exe', 'pid': 2172, 'username': None, 'vms': 3.25390625}
{'name': 'svchost.exe', 'pid': 2184, 'username': None, 'vms': 2.1953125}
{'name': 'chrome.exe', 'pid': 2204, 'username': 'DESKTOP-HD08MFE\\Gauri', 'vms': 80.54296875}
{'name': 'svchost.exe', 'pid': 2304, 'username': None, 'vms': 79.51953125}
{'name': 'svchost.exe', 'pid': 2312, 'username': None, 'vms': 1.2421875}
{'name': 'svchost.exe', 'pid': 2320, 'username': None, 'vms': 1.94140625}
{'name': 'Memory Compression', 'pid': 2384, 'username': None, 'vms': 0.99609375}
{'name': 'svchost.exe', 'pid': 2456, 'username': None, 'vms': 2.05859375}
{'name': 'spoolsv.exe', 'pid': 2484, 'username': None, 'vms': 5.84375}
{'name': 'igfxCUIService.exe', 'pid': 2492, 'username': None, 'vms': 1.6796875}
{'name': 'svchost.exe', 'pid': 2548, 'username': None, 'vms': 1.7578125}
{'name': 'svchost.exe', 'pid': 2556, 'username': None, 'vms': 1.75}
{'name': 'svchost.exe', 'pid': 2652, 'username': None, 'vms': 2.58203125}
{'name': 'svchost.exe', 'pid': 2712, 'username': None, 'vms': 1.92578125}
{'name': 'svchost.exe', 'pid': 2716, 'username': None, 'vms': 3.19140625}
{'name': 'svchost.exe', 'pid': 2736, 'username': None, 'vms': 1.66015625}
{'name': 'svchost.exe', 'pid': 2744, 'username': None, 'vms': 3.77734375}
{'name': 'svchost.exe', 'pid': 2756, 'username': None, 'vms': 3.55078125}
{'name': 'svchost.exe', 'pid': 2876, 'username': None, 'vms': 1.8671875}
{'name': 'svchost.exe', 'pid': 2940, 'username': None, 'vms': 3.66796875}
{'name': 'svchost.exe', 'pid': 2960, 'username': None, 'vms': 36.03125}
{'name': 'svchost.exe', 'pid': 3032, 'username': None, 'vms': 5.34765625}
{'name': 'EMON.EXE', 'pid': 3044, 'username': None, 'vms': 8.921875}
{'name': 'chrome.exe', 'pid': 3096, 'username': 'DESKTOP-HD08MFE\\Gauri', 'vms': 94.57421875}
{'name': 'svchost.exe', 'pid': 3128, 'username': None, 'vms': 2.25}
{'name': 'svchost.exe', 'pid': 3188, 'username': None, 'vms': 7.1328125}
{'name': 'chrome.exe', 'pid': 3276, 'username': 'DESKTOP-HD08MFE\\Gauri', 'vms': 128.42578125}
{'name': 'chrome.exe', 'pid': 3376, 'username': 'DESKTOP-HD08MFE\\Gauri', 'vms': 71.92578125}
{'name': 'nvxdsync.exe', 'pid': 3468, 'username': None, 'vms': 12.984375}
{'name': 'chrome.exe', 'pid': 3480, 'username': 'DESKTOP-HD08MFE\\Gauri', 'vms': 37.41015625}
{'name': 'svchost.exe', 'pid': 3752, 'username': None, 'vms': 3.35546875}
{'name': 'chrome.exe', 'pid': 3788, 'username': 'DESKTOP-HD08MFE\\Gauri', 'vms': 40.55859375}
{'name': 'armsvc.exe', 'pid': 3816, 'username': None, 'vms': 2.69921875}
{'name': 'AdminService.exe', 'pid': 3824, 'username': None, 'vms': 4.68359375}
{'name': 'AGMService.exe', 'pid': 3832, 'username': None, 'vms': 2.3828125}
{'name': 'IntelCpHDCPSvc.exe', 'pid': 3852, 'username': None, 'vms': 1.3515625}
{'name': 'AGSService.exe', 'pid': 3872, 'username': None, 'vms': 3.44921875}
{'name': 'CxUtilSvc.exe', 'pid': 3880, 'username': None, 'vms': 1.40234375}
{'name': 'CxAudMsg64.exe', 'pid': 3892, 'username': None, 'vms': 1.86328125}
{'name': 'svchost.exe', 'pid': 3928, 'username': None, 'vms': 3.7109375}
{'name': 'svchost.exe', 'pid': 3940, 'username': None, 'vms': 8.75}
{'name': 'ZVMonNt.exe', 'pid': 3960, 'username': None, 'vms': 29.80859375}
{'name': 'chrome.exe', 'pid': 3996, 'username': 'DESKTOP-HD08MFE\\Gauri', 'vms': 24.3203125}
{'name': 'svchost.exe', 'pid': 4124, 'username': None, 'vms': 2.515625}
{'name': 'svchost.exe', 'pid': 4132, 'username': None, 'vms': 1.63671875}
{'name': 'WEBPROT.EXE', 'pid': 4140, 'username': None, 'vms': 12.78515625}
{'name': 'SecurityHealthService.exe', 'pid': 4148, 'username': None, 'vms': 4.02734375}
{'name': 'svchost.exe', 'pid': 4156, 'username': None, 'vms': 25.0625}
{'name': 'svchost.exe', 'pid': 4164, 'username': None, 'vms': 1.52734375}
{'name': 'ETDService.exe', 'pid': 4172, 'username': None, 'vms': 1.06640625}
{'name': 'IpOverUsbSvc.exe', 'pid': 4188, 'username': None, 'vms': 7.74609375}
{'name': 'SASrv.exe', 'pid': 4196, 'username': None, 'vms': 1.33984375}
{'name': 'Ext2Srv.exe', 'pid': 4204, 'username': None, 'vms': 1.171875}
{'name': 'sqlwriter.exe', 'pid': 4224, 'username': None, 'vms': 1.59765625}
{'name': 'NPProt.exe', 'pid': 4236, 'username': None, 'vms': 0.9921875}
{'name': 'SkypeBackgroundHost.exe', 'pid': 4244, 'username': 'DESKTOP-HD08MFE\\Gauri', 'vms': 1.7734375}
{'name': 'TeamViewer_Service.exe', 'pid': 4256, 'username': None, 'vms': 6.46484375}
{'name': 'ETDCtrlHelper.exe', 'pid': 4276, 'username': 'DESKTOP-HD08MFE\\Gauri', 'vms': 2.8125}
{'name': 'ETDIntelligent.exe', 'pid': 4284, 'username': 'DESKTOP-HD08MFE\\Gauri', 'vms': 2.171875}
{'name': 'svchost.exe', 'pid': 4292, 'username': None, 'vms': 1.890625}
{'name': 'chrome.exe', 'pid': 4364, 'username': 'DESKTOP-HD08MFE\\Gauri', 'vms': 80.87109375}
{'name': 'CoreSync.exe', 'pid': 4372, 'username': 'DESKTOP-HD08MFE\\Gauri', 'vms': 17.33984375}
{'name': 'chrome.exe', 'pid': 4496, 'username': 'DESKTOP-HD08MFE\\Gauri', 'vms': 18.8828125}
{'name': 'svchost.exe', 'pid': 4512, 'username': None, 'vms': 4.703125}
{'name': 'svchost.exe', 'pid': 4532, 'username': None, 'vms': 2.296875}
{'name': 'svchost.exe', 'pid': 4536, 'username': None, 'vms': 1.2734375}
{'name': 'svchost.exe', 'pid': 4596, 'username': None, 'vms': 3.8515625}
{'name': 'python.exe', 'pid': 4628, 'username': 'DESKTOP-HD08MFE\\Gauri', 'vms': 11.734375}
{'name': 'chrome.exe', 'pid': 4652, 'username': 'DESKTOP-HD08MFE\\Gauri', 'vms': 53.76953125}
{'name': 'svchost.exe', 'pid': 4720, 'username': None, 'vms': 2.26953125}
{'name': 'svchost.exe', 'pid': 4788, 'username': None, 'vms': 1.5625}
{'name': 'IntelCpHeciSvc.exe', 'pid': 4828, 'username': None, 'vms': 1.33984375}
{'name': 'svchost.exe', 'pid': 4996, 'username': None, 'vms': 1.61328125}
{'name': 'figma_agent.exe', 'pid': 5036, 'username': 'DESKTOP-HD08MFE\\Gauri', 'vms': 4.01171875}
{'name': 'ZVCMD64.EXE', 'pid': 5144, 'username': None, 'vms': 0.796875}
{'name': 'unsecapp.exe', 'pid': 5580, 'username': None, 'vms': 1.265625}
{'name': 'chrome.exe', 'pid': 5636, 'username': 'DESKTOP-HD08MFE\\Gauri', 'vms': 1.83984375}
{'name': 'chrome.exe', 'pid': 5724, 'username': 'DESKTOP-HD08MFE\\Gauri', 'vms': 19.765625}
{'name': 'svchost.exe', 'pid': 5788, 'username': None, 'vms': 1.75}
{'name': 'chrome.exe', 'pid': 5856, 'username': 'DESKTOP-HD08MFE\\Gauri', 'vms': 21.28515625}
{'name': 'conhost.exe', 'pid': 6300, 'username': 'DESKTOP-HD08MFE\\Gauri', 'vms': 5.140625}
{'name': 'CCXProcess.exe', 'pid': 6356, 'username': 'DESKTOP-HD08MFE\\Gauri', 'vms': 0.5625}
{'name': 'svchost.exe', 'pid': 6416, 'username': 'DESKTOP-HD08MFE\\Gauri', 'vms': 3.234375}
{'name': 'sihost.exe', 'pid': 6436, 'username': 'DESKTOP-HD08MFE\\Gauri', 'vms': 6.26953125}
{'name': 'ETDCtrl.exe', 'pid': 6456, 'username': 'DESKTOP-HD08MFE\\Gauri', 'vms': 9.03125}
{'name': 'svchost.exe', 'pid': 6468, 'username': 'DESKTOP-HD08MFE\\Gauri', 'vms': 7.08203125}
{'name': 'ZVMOUNT.EXE', 'pid': 6516, 'username': 'DESKTOP-HD08MFE\\Gauri', 'vms': 1.8359375}
{'name': 'svchost.exe', 'pid': 6540, 'username': None, 'vms': 2.17578125}
{'name': 'taskhostw.exe', 'pid': 6584, 'username': 'DESKTOP-HD08MFE\\Gauri', 'vms': 6.10546875}
{'name': 'chrome.exe', 'pid': 6596, 'username': 'DESKTOP-HD08MFE\\Gauri', 'vms': 72.7421875}
{'name': 'chrome.exe', 'pid': 6644, 'username': 'DESKTOP-HD08MFE\\Gauri', 'vms': 19.734375}
{'name': 'pycharm64.exe', 'pid': 6656, 'username': 'DESKTOP-HD08MFE\\Gauri', 'vms': 899.02734375}
{'name': 'PresentationFontCache.exe', 'pid': 6772, 'username': None, 'vms': 25.08203125}
{'name': 'svchost.exe', 'pid': 6816, 'username': None, 'vms': 1.47265625}
{'name': 'ctfmon.exe', 'pid': 6964, 'username': 'DESKTOP-HD08MFE\\Gauri', 'vms': 3.01171875}
{'name': 'chrome.exe', 'pid': 7020, 'username': 'DESKTOP-HD08MFE\\Gauri', 'vms': 49.5}
{'name': 'svchost.exe', 'pid': 7040, 'username': None, 'vms': 2.9453125}
{'name': 'chrome.exe', 'pid': 7136, 'username': 'DESKTOP-HD08MFE\\Gauri', 'vms': 17.859375}
{'name': 'conhost.exe', 'pid': 7164, 'username': 'DESKTOP-HD08MFE\\Gauri', 'vms': 5.25}
{'name': 'chrome.exe', 'pid': 7176, 'username': 'DESKTOP-HD08MFE\\Gauri', 'vms': 18.75390625}
{'name': 'chrome.exe', 'pid': 7212, 'username': 'DESKTOP-HD08MFE\\Gauri', 'vms': 30.34375}
{'name': 'svchost.exe', 'pid': 7240, 'username': None, 'vms': 5.0859375}
{'name': 'chrome.exe', 'pid': 7292, 'username': 'DESKTOP-HD08MFE\\Gauri', 'vms': 69.0546875}
{'name': 'ShellExperienceHost.exe', 'pid': 7500, 'username': 'DESKTOP-HD08MFE\\Gauri', 'vms': 35.6171875}
{'name': 'chrome.exe', 'pid': 7512, 'username': 'DESKTOP-HD08MFE\\Gauri', 'vms': 80.27734375}
{'name': 'conhost.exe', 'pid': 7552, 'username': 'DESKTOP-HD08MFE\\Gauri', 'vms': 6.2890625}
{'name': 'node.exe', 'pid': 7580, 'username': 'DESKTOP-HD08MFE\\Gauri', 'vms': 32.91015625}
{'name': 'chrome.exe', 'pid': 7664, 'username': 'DESKTOP-HD08MFE\\Gauri', 'vms': 33.55859375}
{'name': 'chrome.exe', 'pid': 7672, 'username': 'DESKTOP-HD08MFE\\Gauri', 'vms': 35.640625}
{'name': 'chrome.exe', 'pid': 7824, 'username': 'DESKTOP-HD08MFE\\Gauri', 'vms': 462.12890625}
{'name': 'chrome.exe', 'pid': 7852, 'username': 'DESKTOP-HD08MFE\\Gauri', 'vms': 17.99609375}
{'name': 'conhost.exe', 'pid': 7904, 'username': None, 'vms': 1.12890625}
{'name': 'igfxEM.exe', 'pid': 8052, 'username': 'DESKTOP-HD08MFE\\Gauri', 'vms': 3.51171875}
{'name': 'chrome.exe', 'pid': 8064, 'username': 'DESKTOP-HD08MFE\\Gauri', 'vms': 74.87109375}
{'name': 'WmiPrvSE.exe', 'pid': 8080, 'username': None, 'vms': 4.2265625}
{'name': 'chrome.exe', 'pid': 8208, 'username': 'DESKTOP-HD08MFE\\Gauri', 'vms': 11.703125}
{'name': 'chrome.exe', 'pid': 8220, 'username': 'DESKTOP-HD08MFE\\Gauri', 'vms': 18.69921875}
{'name': 'SearchIndexer.exe', 'pid': 8308, 'username': None, 'vms': 1.6484375}
{'name': 'chrome.exe', 'pid': 8408, 'username': 'DESKTOP-HD08MFE\\Gauri', 'vms': 18.1328125}
{'name': 'APCONSVC.EXE', 'pid': 8420, 'username': None, 'vms': 6.28125}
{'name': 'chrome.exe', 'pid': 8492, 'username': 'DESKTOP-HD08MFE\\Gauri', 'vms': 158.390625}
{'name': 'MSASCuiL.exe', 'pid': 8520, 'username': 'DESKTOP-HD08MFE\\Gauri', 'vms': 1.8359375}
{'name': 'DolbyDAX2TrayIcon.exe', 'pid': 8536, 'username': 'DESKTOP-HD08MFE\\Gauri', 'vms': 3.68359375}
{'name': 'fmapp.exe', 'pid': 8560, 'username': 'DESKTOP-HD08MFE\\Gauri', 'vms': 0.9453125}
{'name': 'CAudioFilterAgent64.exe', 'pid': 8608, 'username': 'DESKTOP-HD08MFE\\Gauri', 'vms': 1.7578125}
{'name': 'svchost.exe', 'pid': 8636, 'username': None, 'vms': 3.8203125}
{'name': 'chrome.exe', 'pid': 8664, 'username': 'DESKTOP-HD08MFE\\Gauri', 'vms': 31.5390625}
{'name': 'RuntimeBroker.exe', 'pid': 8744, 'username': 'DESKTOP-HD08MFE\\Gauri', 'vms': 8.90234375}
{'name': 'chrome.exe', 'pid': 8820, 'username': 'DESKTOP-HD08MFE\\Gauri', 'vms': 54.08984375}
{'name': 'dllhost.exe', 'pid': 8956, 'username': 'DESKTOP-HD08MFE\\Gauri', 'vms': 1.9140625}
{'name': 'DolbyDAX2API.exe', 'pid': 9052, 'username': None, 'vms': 25.51171875}
{'name': 'chrome.exe', 'pid': 9076, 'username': 'DESKTOP-HD08MFE\\Gauri', 'vms': 28.54296875}
{'name': 'OneDrive.exe', 'pid': 9120, 'username': 'DESKTOP-HD08MFE\\Gauri', 'vms': 29.171875}
{'name': 'conhost.exe', 'pid': 9136, 'username': 'DESKTOP-HD08MFE\\Gauri', 'vms': 5.13671875}
{'name': 'chrome.exe', 'pid': 9140, 'username': 'DESKTOP-HD08MFE\\Gauri', 'vms': 1.671875}
{'name': 'chrome.exe', 'pid': 9328, 'username': 'DESKTOP-HD08MFE\\Gauri', 'vms': 23.42578125}
{'name': 'chrome.exe', 'pid': 9608, 'username': 'DESKTOP-HD08MFE\\Gauri', 'vms': 18.98828125}
{'name': 'chrome.exe', 'pid': 9780, 'username': 'DESKTOP-HD08MFE\\Gauri', 'vms': 53.82421875}
{'name': 'svchost.exe', 'pid': 9896, 'username': 'DESKTOP-HD08MFE\\Gauri', 'vms': 4.953125}
{'name': 'WSHelper.exe', 'pid': 9900, 'username': 'DESKTOP-HD08MFE\\Gauri', 'vms': 7.76953125}
{'name': 'chrome.exe', 'pid': 9916, 'username': 'DESKTOP-HD08MFE\\Gauri', 'vms': 5.8984375}
{'name': 'Creative Cloud.exe', 'pid': 10000, 'username': 'DESKTOP-HD08MFE\\Gauri', 'vms': 18.70703125}
{'name': 'fsnotifier64.exe', 'pid': 10016, 'username': 'DESKTOP-HD08MFE\\Gauri', 'vms': 0.51171875}
{'name': 'AdobeIPCBroker.exe', 'pid': 10028, 'username': 'DESKTOP-HD08MFE\\Gauri', 'vms': 3.90625}
{'name': 'winpty-agent.exe', 'pid': 10200, 'username': 'DESKTOP-HD08MFE\\Gauri', 'vms': 2.51171875}
