--------------------------------------------------------------------------------
Process Logger:
--------------------------------------------------------------------------------

{'username': 'NT AUTHORITY\\SYSTEM', 'name': 'System Idle Process', 'pid': 0, 'vms': 0.05078125}
{'username': 'NT AUTHORITY\\SYSTEM', 'name': 'System', 'pid': 4, 'vms': 0.41796875}
{'username': 'DESKTOP-HD08MFE\\Gauri', 'name': 'cmd.exe', 'pid': 104, 'vms': 2.14453125}
{'username': None, 'name': 'winlogon.exe', 'pid': 344, 'vms': 2.27734375}
{'username': None, 'name': 'smss.exe', 'pid': 372, 'vms': 0.4453125}
{'username': None, 'name': 'fontdrvhost.exe', 'pid': 504, 'vms': 4.1484375}
{'username': None, 'name': 'csrss.exe', 'pid': 552, 'vms': 1.828125}
{'username': None, 'name': 'WUDFHost.exe', 'pid': 584, 'vms': 1.84765625}
{'username': None, 'name': 'svchost.exe', 'pid': 660, 'vms': 7.265625}
{'username': None, 'name': 'wininit.exe', 'pid': 664, 'vms': 1.2578125}
{'username': None, 'name': 'csrss.exe', 'pid': 680, 'vms': 2.33203125}
{'username': None, 'name': 'services.exe', 'pid': 736, 'vms': 5.2734375}
{'username': None, 'name': 'lsass.exe', 'pid': 780, 'vms': 6.3203125}
{'username': 'DESKTOP-HD08MFE\\Gauri', 'name': 'LockApp.exe', 'pid': 824, 'vms': 14.40625}
{'username': None, 'name': 'svchost.exe', 'pid': 892, 'vms': 0.91015625}
{'username': None, 'name': 'svchost.exe', 'pid': 916, 'vms': 11.296875}
{'username': None, 'name': 'fontdrvhost.exe', 'pid': 936, 'vms': 1.83203125}
{'username': 'DESKTOP-HD08MFE\\Gauri', 'name': 'RuntimeBroker.exe', 'pid': 984, 'vms': 8.9609375}
{'username': None, 'name': 'dasHost.exe', 'pid': 1056, 'vms': 3.30859375}
{'username': None, 'name': 'svchost.exe', 'pid': 1060, 'vms': 2.515625}
{'username': None, 'name': 'svchost.exe', 'pid': 1136, 'vms': 4.74609375}
{'username': None, 'name': 'dwm.exe', 'pid': 1156, 'vms': 61.80078125}
{'username': None, 'name': 'svchost.exe', 'pid': 1220, 'vms': 1.96484375}
{'username': None, 'name': 'svchost.exe', 'pid': 1272, 'vms': 3.4609375}
{'username': None, 'name': 'svchost.exe', 'pid': 1320, 'vms': 2.421875}
{'username': None, 'name': 'svchost.exe', 'pid': 1328, 'vms': 7.890625}
{'username': 'DESKTOP-HD08MFE\\Gauri', 'name': 'RuntimeBroker.exe', 'pid': 1384, 'vms': 6.84765625}
{'username': None, 'name': 'svchost.exe', 'pid': 1440, 'vms': 6.25}
{'username': None, 'name': 'svchost.exe', 'pid': 1448, 'vms': 13.7109375}
{'username': None, 'name': 'svchost.exe', 'pid': 1508, 'vms': 2.109375}
{'username': None, 'name': 'svchost.exe', 'pid': 1588, 'vms': 2.47265625}
{'username': 'DESKTOP-HD08MFE\\Gauri', 'name': 'RuntimeBroker.exe', 'pid': 1616, 'vms': 7.38671875}
{'username': 'DESKTOP-HD08MFE\\Gauri', 'name': 'Explorer.exe', 'pid': 1648, 'vms': 55.91796875}
{'username': None, 'name': 'svchost.exe', 'pid': 1672, 'vms': 1.6796875}
{'username': None, 'name': 'svchost.exe', 'pid': 1740, 'vms': 2.328125}
{'username': None, 'name': 'svchost.exe', 'pid': 1760, 'vms': 4.34765625}
{'username': None, 'name': 'svchost.exe', 'pid': 1860, 'vms': 2.21875}
{'username': 'DESKTOP-HD08MFE\\Gauri', 'name': 'NPAV4.EXE', 'pid': 1884, 'vms': 3.4921875}
{'username': None, 'name': 'svchost.exe', 'pid': 1940, 'vms': 1.546875}
{'username': None, 'name': 'svchost.exe', 'pid': 1948, 'vms': 1.90625}
{'username': None, 'name': 'svchost.exe', 'pid': 1956, 'vms': 1.90234375}
{'username': 'DESKTOP-HD08MFE\\Gauri', 'name': 'SmartAudio.exe', 'pid': 1984, 'vms': 56.1328125}
{'username': None, 'name': 'NVDisplay.Container.exe', 'pid': 2068, 'vms': 2.546875}
{'username': None, 'name': 'svchost.exe', 'pid': 2080, 'vms': 1.92578125}
{'username': 'DESKTOP-HD08MFE\\Gauri', 'name': 'cmd.exe', 'pid': 2100, 'vms': 2.0859375}
{'username': None, 'name': 'NPAVIDS.EXE', 'pid': 2120, 'vms': 3.1171875}
{'username': None, 'name': 'svchost.exe', 'pid': 2128, 'vms': 2.7734375}
{'username': 'DESKTOP-HD08MFE\\Gauri', 'name': 'chrome.exe', 'pid': 2132, 'vms': 70.49609375}
{'username': None, 'name': 'svchost.exe', 'pid': 2172, 'vms': 3.2421875}
{'username': None, 'name': 'svchost.exe', 'pid': 2184, 'vms': 2.1953125}
{'username': 'DESKTOP-HD08MFE\\Gauri', 'name': 'chrome.exe', 'pid': 2204, 'vms': 80.54296875}
{'username': None, 'name': 'svchost.exe', 'pid': 2304, 'vms': 80.83984375}
{'username': None, 'name': 'svchost.exe', 'pid': 2312, 'vms': 1.296875}
{'username': None, 'name': 'svchost.exe', 'pid': 2320, 'vms': 2.07421875}
{'username': None, 'name': 'Memory Compression', 'pid': 2384, 'vms': 0.921875}
{'username': None, 'name': 'svchost.exe', 'pid': 2456, 'vms': 2.2890625}
{'username': None, 'name': 'spoolsv.exe', 'pid': 2484, 'vms': 5.84375}
{'username': None, 'name': 'igfxCUIService.exe', 'pid': 2492, 'vms': 1.6796875}
{'username': None, 'name': 'svchost.exe', 'pid': 2548, 'vms': 1.80859375}
{'username': None, 'name': 'svchost.exe', 'pid': 2556, 'vms': 1.69140625}
{'username': None, 'name': 'svchost.exe', 'pid': 2652, 'vms': 2.91796875}
{'username': None, 'name': 'svchost.exe', 'pid': 2712, 'vms': 1.92578125}
{'username': None, 'name': 'svchost.exe', 'pid': 2716, 'vms': 3.95703125}
{'username': None, 'name': 'svchost.exe', 'pid': 2736, 'vms': 1.70703125}
{'username': None, 'name': 'svchost.exe', 'pid': 2744, 'vms': 3.953125}
{'username': None, 'name': 'svchost.exe', 'pid': 2756, 'vms': 3.234375}
{'username': None, 'name': 'svchost.exe', 'pid': 2876, 'vms': 1.921875}
{'username': None, 'name': 'svchost.exe', 'pid': 2940, 'vms': 3.66015625}
{'username': None, 'name': 'svchost.exe', 'pid': 2960, 'vms': 35.921875}
{'username': None, 'name': 'svchost.exe', 'pid': 3032, 'vms': 5.39453125}
{'username': None, 'name': 'EMON.EXE', 'pid': 3044, 'vms': 8.921875}
{'username': 'DESKTOP-HD08MFE\\Gauri', 'name': 'chrome.exe', 'pid': 3096, 'vms': 94.57421875}
{'username': None, 'name': 'svchost.exe', 'pid': 3128, 'vms': 2.23828125}
{'username': None, 'name': 'svchost.exe', 'pid': 3188, 'vms': 7.30859375}
{'username': 'DESKTOP-HD08MFE\\Gauri', 'name': 'chrome.exe', 'pid': 3276, 'vms': 123.33203125}
{'username': 'DESKTOP-HD08MFE\\Gauri', 'name': 'chrome.exe', 'pid': 3376, 'vms': 71.86328125}
{'username': None, 'name': 'nvxdsync.exe', 'pid': 3468, 'vms': 13.01953125}
{'username': 'DESKTOP-HD08MFE\\Gauri', 'name': 'chrome.exe', 'pid': 3480, 'vms': 35.80078125}
{'username': None, 'name': 'svchost.exe', 'pid': 3752, 'vms': 3.35546875}
{'username': 'DESKTOP-HD08MFE\\Gauri', 'name': 'chrome.exe', 'pid': 3788, 'vms': 26.265625}
{'username': None, 'name': 'armsvc.exe', 'pid': 3816, 'vms': 2.69921875}
{'username': None, 'name': 'AdminService.exe', 'pid': 3824, 'vms': 4.62109375}
{'username': None, 'name': 'AGMService.exe', 'pid': 3832, 'vms': 2.375}
{'username': None, 'name': 'IntelCpHDCPSvc.exe', 'pid': 3852, 'vms': 1.3515625}
{'username': None, 'name': 'AGSService.exe', 'pid': 3872, 'vms': 1.88671875}
{'username': None, 'name': 'CxUtilSvc.exe', 'pid': 3880, 'vms': 1.40234375}
{'username': None, 'name': 'CxAudMsg64.exe', 'pid': 3892, 'vms': 1.86328125}
{'username': None, 'name': 'svchost.exe', 'pid': 3928, 'vms': 4.078125}
{'username': None, 'name': 'svchost.exe', 'pid': 3940, 'vms': 9.03125}
{'username': None, 'name': 'ZVMonNt.exe', 'pid': 3960, 'vms': 29.28125}
{'username': 'DESKTOP-HD08MFE\\Gauri', 'name': 'chrome.exe', 'pid': 3996, 'vms': 18.5703125}
{'username': None, 'name': 'svchost.exe', 'pid': 4124, 'vms': 2.515625}
{'username': None, 'name': 'svchost.exe', 'pid': 4132, 'vms': 1.63671875}
{'username': None, 'name': 'WEBPROT.EXE', 'pid': 4140, 'vms': 11.890625}
{'username': None, 'name': 'SecurityHealthService.exe', 'pid': 4148, 'vms': 4.02734375}
{'username': None, 'name': 'svchost.exe', 'pid': 4156, 'vms': 25.1484375}
{'username': None, 'name': 'svchost.exe', 'pid': 4164, 'vms': 1.52734375}
{'username': None, 'name': 'ETDService.exe', 'pid': 4172, 'vms': 1.06640625}
{'username': None, 'name': 'IpOverUsbSvc.exe', 'pid': 4188, 'vms': 7.74609375}
{'username': None, 'name': 'SASrv.exe', 'pid': 4196, 'vms': 1.33984375}
{'username': None, 'name': 'Ext2Srv.exe', 'pid': 4204, 'vms': 1.171875}
{'username': None, 'name': 'sqlwriter.exe', 'pid': 4224, 'vms': 1.59765625}
{'username': None, 'name': 'NPProt.exe', 'pid': 4236, 'vms': 0.9921875}
{'username': 'DESKTOP-HD08MFE\\Gauri', 'name': 'SkypeBackgroundHost.exe', 'pid': 4244, 'vms': 1.7734375}
{'username': None, 'name': 'TeamViewer_Service.exe', 'pid': 4256, 'vms': 6.53515625}
{'username': 'DESKTOP-HD08MFE\\Gauri', 'name': 'ETDCtrlHelper.exe', 'pid': 4276, 'vms': 2.8125}
{'username': 'DESKTOP-HD08MFE\\Gauri', 'name': 'ETDIntelligent.exe', 'pid': 4284, 'vms': 2.171875}
{'username': None, 'name': 'svchost.exe', 'pid': 4292, 'vms': 1.890625}
{'username': 'DESKTOP-HD08MFE\\Gauri', 'name': 'chrome.exe', 'pid': 4364, 'vms': 79.44140625}
{'username': 'DESKTOP-HD08MFE\\Gauri', 'name': 'CoreSync.exe', 'pid': 4372, 'vms': 17.19921875}
{'username': 'DESKTOP-HD08MFE\\Gauri', 'name': 'chrome.exe', 'pid': 4496, 'vms': 18.8046875}
{'username': None, 'name': 'svchost.exe', 'pid': 4512, 'vms': 4.83203125}
{'username': None, 'name': 'svchost.exe', 'pid': 4532, 'vms': 2.21484375}
{'username': None, 'name': 'svchost.exe', 'pid': 4536, 'vms': 1.21875}
{'username': None, 'name': 'svchost.exe', 'pid': 4596, 'vms': 3.6484375}
{'username': 'DESKTOP-HD08MFE\\Gauri', 'name': 'chrome.exe', 'pid': 4652, 'vms': 22.2734375}
{'username': None, 'name': 'svchost.exe', 'pid': 4720, 'vms': 2.3125}
{'username': None, 'name': 'svchost.exe', 'pid': 4788, 'vms': 1.5625}
{'username': None, 'name': 'IntelCpHeciSvc.exe', 'pid': 4828, 'vms': 1.33984375}
{'username': None, 'name': 'svchost.exe', 'pid': 4996, 'vms': 1.61328125}
{'username': 'DESKTOP-HD08MFE\\Gauri', 'name': 'figma_agent.exe', 'pid': 5036, 'vms': 4.01171875}
{'username': None, 'name': 'ZVCMD64.EXE', 'pid': 5144, 'vms': 0.796875}
{'username': None, 'name': 'unsecapp.exe', 'pid': 5580, 'vms': 1.26171875}
{'username': 'DESKTOP-HD08MFE\\Gauri', 'name': 'chrome.exe', 'pid': 5636, 'vms': 1.83984375}
{'username': None, 'name': 'audiodg.exe', 'pid': 5952, 'vms': 7.16796875}
{'username': 'DESKTOP-HD08MFE\\Gauri', 'name': 'conhost.exe', 'pid': 6300, 'vms': 5.140625}
{'username': 'DESKTOP-HD08MFE\\Gauri', 'name': 'CCXProcess.exe', 'pid': 6356, 'vms': 0.5625}
{'username': 'DESKTOP-HD08MFE\\Gauri', 'name': 'svchost.exe', 'pid': 6416, 'vms': 3.32421875}
{'username': 'DESKTOP-HD08MFE\\Gauri', 'name': 'sihost.exe', 'pid': 6436, 'vms': 6.39453125}
{'username': 'DESKTOP-HD08MFE\\Gauri', 'name': 'ETDCtrl.exe', 'pid': 6456, 'vms': 9.03125}
{'username': 'DESKTOP-HD08MFE\\Gauri', 'name': 'svchost.exe', 'pid': 6468, 'vms': 7.5625}
{'username': 'DESKTOP-HD08MFE\\Gauri', 'name': 'chrome.exe', 'pid': 6484, 'vms': 11.734375}
{'username': 'DESKTOP-HD08MFE\\Gauri', 'name': 'ZVMOUNT.EXE', 'pid': 6516, 'vms': 1.8359375}
{'username': None, 'name': 'svchost.exe', 'pid': 6540, 'vms': 2.20703125}
{'username': 'DESKTOP-HD08MFE\\Gauri', 'name': 'taskhostw.exe', 'pid': 6584, 'vms': 5.63671875}
{'username': 'DESKTOP-HD08MFE\\Gauri', 'name': 'chrome.exe', 'pid': 6644, 'vms': 17.78515625}
{'username': 'DESKTOP-HD08MFE\\Gauri', 'name': 'pycharm64.exe', 'pid': 6656, 'vms': 865.875}
{'username': None, 'name': 'PresentationFontCache.exe', 'pid': 6772, 'vms': 25.08203125}
{'username': None, 'name': 'svchost.exe', 'pid': 6816, 'vms': 1.47265625}
{'username': 'DESKTOP-HD08MFE\\Gauri', 'name': 'ctfmon.exe', 'pid': 6964, 'vms': 2.98046875}
{'username': 'DESKTOP-HD08MFE\\Gauri', 'name': 'chrome.exe', 'pid': 7020, 'vms': 91.7578125}
{'username': None, 'name': 'svchost.exe', 'pid': 7040, 'vms': 2.91015625}
{'username': 'DESKTOP-HD08MFE\\Gauri', 'name': 'conhost.exe', 'pid': 7164, 'vms': 4.83203125}
{'username': 'DESKTOP-HD08MFE\\Gauri', 'name': 'chrome.exe', 'pid': 7212, 'vms': 31.48046875}
{'username': None, 'name': 'svchost.exe', 'pid': 7240, 'vms': 4.9453125}
{'username': 'DESKTOP-HD08MFE\\Gauri', 'name': 'chrome.exe', 'pid': 7292, 'vms': 69.0546875}
{'username': 'DESKTOP-HD08MFE\\Gauri', 'name': 'ShellExperienceHost.exe', 'pid': 7500, 'vms': 35.6171875}
{'username': 'DESKTOP-HD08MFE\\Gauri', 'name': 'chrome.exe', 'pid': 7512, 'vms': 80.57421875}
{'username': 'DESKTOP-HD08MFE\\Gauri', 'name': 'conhost.exe', 'pid': 7552, 'vms': 6.2890625}
{'username': 'DESKTOP-HD08MFE\\Gauri', 'name': 'node.exe', 'pid': 7580, 'vms': 32.91015625}
{'username': 'DESKTOP-HD08MFE\\Gauri', 'name': 'chrome.exe', 'pid': 7664, 'vms': 30.671875}
{'username': 'DESKTOP-HD08MFE\\Gauri', 'name': 'chrome.exe', 'pid': 7824, 'vms': 362.09375}
{'username': None, 'name': 'conhost.exe', 'pid': 7904, 'vms': 1.12890625}
{'username': 'DESKTOP-HD08MFE\\Gauri', 'name': 'igfxEM.exe', 'pid': 8052, 'vms': 3.51171875}
{'username': 'DESKTOP-HD08MFE\\Gauri', 'name': 'chrome.exe', 'pid': 8064, 'vms': 74.87109375}
{'username': None, 'name': 'SearchIndexer.exe', 'pid': 8308, 'vms': 1.703125}
{'username': 'DESKTOP-HD08MFE\\Gauri', 'name': 'chrome.exe', 'pid': 8408, 'vms': 18.1328125}
{'username': None, 'name': 'APCONSVC.EXE', 'pid': 8420, 'vms': 6.48046875}
{'username': 'DESKTOP-HD08MFE\\Gauri', 'name': 'chrome.exe', 'pid': 8492, 'vms': 130.8359375}
{'username': 'DESKTOP-HD08MFE\\Gauri', 'name': 'MSASCuiL.exe', 'pid': 8520, 'vms': 1.8359375}
{'username': 'DESKTOP-HD08MFE\\Gauri', 'name': 'DolbyDAX2TrayIcon.exe', 'pid': 8536, 'vms': 3.68359375}
{'username': 'DESKTOP-HD08MFE\\Gauri', 'name': 'fmapp.exe', 'pid': 8560, 'vms': 0.9453125}
{'username': 'DESKTOP-HD08MFE\\Gauri', 'name': 'CAudioFilterAgent64.exe', 'pid': 8608, 'vms': 1.81640625}
{'username': None, 'name': 'svchost.exe', 'pid': 8636, 'vms': 4.3359375}
{'username': 'DESKTOP-HD08MFE\\Gauri', 'name': 'chrome.exe', 'pid': 8664, 'vms': 31.25}
{'username': 'DESKTOP-HD08MFE\\Gauri', 'name': 'RuntimeBroker.exe', 'pid': 8744, 'vms': 9.109375}
{'username': 'DESKTOP-HD08MFE\\Gauri', 'name': 'chrome.exe', 'pid': 8820, 'vms': 54.015625}
{'username': 'DESKTOP-HD08MFE\\Gauri', 'name': 'dllhost.exe', 'pid': 8956, 'vms': 1.9140625}
{'username': None, 'name': 'DolbyDAX2API.exe', 'pid': 9052, 'vms': 25.60546875}
{'username': 'DESKTOP-HD08MFE\\Gauri', 'name': 'OneDrive.exe', 'pid': 9120, 'vms': 29.15234375}
{'username': 'DESKTOP-HD08MFE\\Gauri', 'name': 'conhost.exe', 'pid': 9136, 'vms': 5.13671875}
{'username': 'DESKTOP-HD08MFE\\Gauri', 'name': 'chrome.exe', 'pid': 9140, 'vms': 1.6328125}
{'username': 'DESKTOP-HD08MFE\\Gauri', 'name': 'chrome.exe', 'pid': 9328, 'vms': 21.859375}
{'username': 'DESKTOP-HD08MFE\\Gauri', 'name': 'chrome.exe', 'pid': 9608, 'vms': 18.98828125}
{'username': 'DESKTOP-HD08MFE\\Gauri', 'name': 'python.exe', 'pid': 9720, 'vms': 11.859375}
{'username': 'DESKTOP-HD08MFE\\Gauri', 'name': 'chrome.exe', 'pid': 9780, 'vms': 53.37109375}
{'username': 'DESKTOP-HD08MFE\\Gauri', 'name': 'svchost.exe', 'pid': 9896, 'vms': 4.953125}
{'username': 'DESKTOP-HD08MFE\\Gauri', 'name': 'WSHelper.exe', 'pid': 9900, 'vms': 7.76953125}
{'username': 'DESKTOP-HD08MFE\\Gauri', 'name': 'chrome.exe', 'pid': 9916, 'vms': 5.75}
{'username': 'DESKTOP-HD08MFE\\Gauri', 'name': 'Creative Cloud.exe', 'pid': 10000, 'vms': 18.5546875}
{'username': 'DESKTOP-HD08MFE\\Gauri', 'name': 'fsnotifier64.exe', 'pid': 10016, 'vms': 0.51171875}
{'username': 'DESKTOP-HD08MFE\\Gauri', 'name': 'AdobeIPCBroker.exe', 'pid': 10028, 'vms': 3.90625}
{'username': 'DESKTOP-HD08MFE\\Gauri', 'name': 'winpty-agent.exe', 'pid': 10200, 'vms': 2.51171875}
{'username': None, 'name': 'svchost.exe', 'pid': 10252, 'vms': 2.03125}
{'username': 'DESKTOP-HD08MFE\\Gauri', 'name': 'chrome.exe', 'pid': 10260, 'vms': 53.51953125}
{'username': None, 'name': 'WmiPrvSE.exe', 'pid': 10384, 'vms': 5.921875}
{'username': 'DESKTOP-HD08MFE\\Gauri', 'name': 'winpty-agent.exe', 'pid': 10432, 'vms': 2.71484375}
{'username': 'DESKTOP-HD08MFE\\Gauri', 'name': 'chrome.exe', 'pid': 10468, 'vms': 80.56640625}
{'username': None, 'name': 'NPHOST.EXE', 'pid': 10596, 'vms': 3.5390625}
{'username': 'DESKTOP-HD08MFE\\Gauri', 'name': 'chrome.exe', 'pid': 10736, 'vms': 247.51953125}
{'username': None, 'name': 'sppsvc.exe', 'pid': 10856, 'vms': 1.4296875}
{'username': 'DESKTOP-HD08MFE\\Gauri', 'name': 'conhost.exe', 'pid': 11032, 'vms': 5.14453125}
{'username': None, 'name': 'svchost.exe', 'pid': 11104, 'vms': 1.296875}
{'username': 'DESKTOP-HD08MFE\\Gauri', 'name': 'SearchUI.exe', 'pid': 11588, 'vms': 87.19921875}
{'username': 'DESKTOP-HD08MFE\\Gauri', 'name': 'Adobe Desktop Service.exe', 'pid': 11728, 'vms': 156.2265625}
{'username': None, 'name': 'svchost.exe', 'pid': 11952, 'vms': 2.4296875}
{'username': 'DESKTOP-HD08MFE\\Gauri', 'name': 'Adobe CEF Helper.exe', 'pid': 12000, 'vms': 40.53515625}
{'username': 'DESKTOP-HD08MFE\\Gauri', 'name': 'cmd.exe', 'pid': 12284, 'vms': 1.8984375}
{'username': None, 'name': 'svchost.exe', 'pid': 12992, 'vms': 1.9140625}
{'username': None, 'name': 'conhost.exe', 'pid': 13040, 'vms': 1.26171875}
