--------------------------------------------------------------------------------
Process Logger:
--------------------------------------------------------------------------------

{'pid': 0, 'name': 'System Idle Process', 'username': 'NT AUTHORITY\\SYSTEM', 'vms': 0.05078125}
{'pid': 4, 'name': 'System', 'username': 'NT AUTHORITY\\SYSTEM', 'vms': 0.41796875}
{'pid': 104, 'name': 'cmd.exe', 'username': 'DESKTOP-HD08MFE\\Gauri', 'vms': 2.2109375}
{'pid': 344, 'name': 'winlogon.exe', 'username': None, 'vms': 2.3515625}
{'pid': 372, 'name': 'smss.exe', 'username': None, 'vms': 0.4453125}
{'pid': 504, 'name': 'fontdrvhost.exe', 'username': None, 'vms': 4.1484375}
{'pid': 552, 'name': 'csrss.exe', 'username': None, 'vms': 1.828125}
{'pid': 584, 'name': 'WUDFHost.exe', 'username': None, 'vms': 1.8125}
{'pid': 660, 'name': 'svchost.exe', 'username': None, 'vms': 7.18359375}
{'pid': 664, 'name': 'wininit.exe', 'username': None, 'vms': 1.2578125}
{'pid': 680, 'name': 'csrss.exe', 'username': None, 'vms': 2.33984375}
{'pid': 736, 'name': 'services.exe', 'username': None, 'vms': 5.171875}
{'pid': 780, 'name': 'lsass.exe', 'username': None, 'vms': 6.296875}
{'pid': 824, 'name': 'LockApp.exe', 'username': 'DESKTOP-HD08MFE\\Gauri', 'vms': 14.40625}
{'pid': 892, 'name': 'svchost.exe', 'username': None, 'vms': 0.91015625}
{'pid': 916, 'name': 'svchost.exe', 'username': None, 'vms': 11.19921875}
{'pid': 936, 'name': 'fontdrvhost.exe', 'username': None, 'vms': 1.83203125}
{'pid': 984, 'name': 'RuntimeBroker.exe', 'username': 'DESKTOP-HD08MFE\\Gauri', 'vms': 8.8828125}
{'pid': 1056, 'name': 'dasHost.exe', 'username': None, 'vms': 3.3125}
{'pid': 1060, 'name': 'svchost.exe', 'username': None, 'vms': 2.578125}
{'pid': 1136, 'name': 'svchost.exe', 'username': None, 'vms': 4.640625}
{'pid': 1156, 'name': 'dwm.exe', 'username': None, 'vms': 60.45703125}
{'pid': 1220, 'name': 'svchost.exe', 'username': None, 'vms': 2.03125}
{'pid': 1272, 'name': 'svchost.exe', 'username': None, 'vms': 3.56640625}
{'pid': 1320, 'name': 'svchost.exe', 'username': None, 'vms': 2.3671875}
{'pid': 1328, 'name': 'svchost.exe', 'username': None, 'vms': 7.9609375}
{'pid': 1384, 'name': 'RuntimeBroker.exe', 'username': 'DESKTOP-HD08MFE\\Gauri', 'vms': 6.3359375}
{'pid': 1440, 'name': 'svchost.exe', 'username': None, 'vms': 6.16796875}
{'pid': 1448, 'name': 'svchost.exe', 'username': None, 'vms': 13.34375}
{'pid': 1508, 'name': 'svchost.exe', 'username': None, 'vms': 2.109375}
{'pid': 1588, 'name': 'svchost.exe', 'username': None, 'vms': 2.328125}
{'pid': 1616, 'name': 'RuntimeBroker.exe', 'username': 'DESKTOP-HD08MFE\\Gauri', 'vms': 7.046875}
{'pid': 1648, 'name': 'Explorer.exe', 'username': 'DESKTOP-HD08MFE\\Gauri', 'vms': 53.64453125}
{'pid': 1672, 'name': 'svchost.exe', 'username': None, 'vms': 1.6796875}
{'pid': 1724, 'name': 'chrome.exe', 'username': 'DESKTOP-HD08MFE\\Gauri', 'vms': 23.82421875}
{'pid': 1740, 'name': 'svchost.exe', 'username': None, 'vms': 2.125}
{'pid': 1760, 'name': 'svchost.exe', 'username': None, 'vms': 4.34765625}
{'pid': 1860, 'name': 'svchost.exe', 'username': None, 'vms': 2.1484375}
{'pid': 1884, 'name': 'NPAV4.EXE', 'username': 'DESKTOP-HD08MFE\\Gauri', 'vms': 3.4921875}
{'pid': 1940, 'name': 'svchost.exe', 'username': None, 'vms': 1.546875}
{'pid': 1948, 'name': 'svchost.exe', 'username': None, 'vms': 1.921875}
{'pid': 1956, 'name': 'svchost.exe', 'username': None, 'vms': 1.90234375}
{'pid': 1984, 'name': 'SmartAudio.exe', 'username': 'DESKTOP-HD08MFE\\Gauri', 'vms': 55.9921875}
{'pid': 2068, 'name': 'NVDisplay.Container.exe', 'username': None, 'vms': 2.546875}
{'pid': 2080, 'name': 'svchost.exe', 'username': None, 'vms': 1.92578125}
{'pid': 2100, 'name': 'cmd.exe', 'username': 'DESKTOP-HD08MFE\\Gauri', 'vms': 2.0859375}
{'pid': 2120, 'name': 'NPAVIDS.EXE', 'username': None, 'vms': 3.1171875}
{'pid': 2128, 'name': 'svchost.exe', 'username': None, 'vms': 2.671875}
{'pid': 2132, 'name': 'chrome.exe', 'username': 'DESKTOP-HD08MFE\\Gauri', 'vms': 70.41015625}
{'pid': 2172, 'name': 'svchost.exe', 'username': None, 'vms': 3.29296875}
{'pid': 2184, 'name': 'svchost.exe', 'username': None, 'vms': 2.1953125}
{'pid': 2204, 'name': 'chrome.exe', 'username': 'DESKTOP-HD08MFE\\Gauri', 'vms': 80.54296875}
{'pid': 2304, 'name': 'svchost.exe', 'username': None, 'vms': 82.21484375}
{'pid': 2312, 'name': 'svchost.exe', 'username': None, 'vms': 1.2421875}
{'pid': 2320, 'name': 'svchost.exe', 'username': None, 'vms': 2.02734375}
{'pid': 2380, 'name': 'WmiPrvSE.exe', 'username': None, 'vms': 4.05859375}
{'pid': 2384, 'name': 'Memory Compression', 'username': None, 'vms': 0.92578125}
{'pid': 2456, 'name': 'svchost.exe', 'username': None, 'vms': 2.05859375}
{'pid': 2484, 'name': 'spoolsv.exe', 'username': None, 'vms': 5.84375}
{'pid': 2492, 'name': 'igfxCUIService.exe', 'username': None, 'vms': 1.6796875}
{'pid': 2548, 'name': 'svchost.exe', 'username': None, 'vms': 1.7578125}
{'pid': 2556, 'name': 'svchost.exe', 'username': None, 'vms': 1.69140625}
{'pid': 2652, 'name': 'svchost.exe', 'username': None, 'vms': 2.58203125}
{'pid': 2712, 'name': 'svchost.exe', 'username': None, 'vms': 1.92578125}
{'pid': 2716, 'name': 'svchost.exe', 'username': None, 'vms': 3.40625}
{'pid': 2736, 'name': 'svchost.exe', 'username': None, 'vms': 1.56640625}
{'pid': 2744, 'name': 'svchost.exe', 'username': None, 'vms': 3.77734375}
{'pid': 2756, 'name': 'svchost.exe', 'username': None, 'vms': 3.5859375}
{'pid': 2876, 'name': 'svchost.exe', 'username': None, 'vms': 1.8984375}
{'pid': 2940, 'name': 'svchost.exe', 'username': None, 'vms': 3.66796875}
{'pid': 2960, 'name': 'svchost.exe', 'username': None, 'vms': 36.03125}
{'pid': 3032, 'name': 'svchost.exe', 'username': None, 'vms': 5.38671875}
{'pid': 3044, 'name': 'EMON.EXE', 'username': None, 'vms': 8.921875}
{'pid': 3096, 'name': 'chrome.exe', 'username': 'DESKTOP-HD08MFE\\Gauri', 'vms': 94.57421875}
{'pid': 3128, 'name': 'svchost.exe', 'username': None, 'vms': 2.17578125}
{'pid': 3188, 'name': 'svchost.exe', 'username': None, 'vms': 7.3203125}
{'pid': 3276, 'name': 'chrome.exe', 'username': 'DESKTOP-HD08MFE\\Gauri', 'vms': 116.80078125}
{'pid': 3376, 'name': 'chrome.exe', 'username': 'DESKTOP-HD08MFE\\Gauri', 'vms': 71.92578125}
{'pid': 3468, 'name': 'nvxdsync.exe', 'username': None, 'vms': 12.984375}
{'pid': 3480, 'name': 'chrome.exe', 'username': 'DESKTOP-HD08MFE\\Gauri', 'vms': 35.88671875}
{'pid': 3752, 'name': 'svchost.exe', 'username': None, 'vms': 3.41015625}
{'pid': 3788, 'name': 'chrome.exe', 'username': 'DESKTOP-HD08MFE\\Gauri', 'vms': 38.95703125}
{'pid': 3816, 'name': 'armsvc.exe', 'username': None, 'vms': 2.69921875}
{'pid': 3824, 'name': 'AdminService.exe', 'username': None, 'vms': 4.62109375}
{'pid': 3832, 'name': 'AGMService.exe', 'username': None, 'vms': 2.453125}
{'pid': 3852, 'name': 'IntelCpHDCPSvc.exe', 'username': None, 'vms': 1.3515625}
{'pid': 3872, 'name': 'AGSService.exe', 'username': None, 'vms': 3.6875}
{'pid': 3880, 'name': 'CxUtilSvc.exe', 'username': None, 'vms': 1.40234375}
{'pid': 3892, 'name': 'CxAudMsg64.exe', 'username': None, 'vms': 1.86328125}
{'pid': 3928, 'name': 'svchost.exe', 'username': None, 'vms': 3.7265625}
{'pid': 3940, 'name': 'svchost.exe', 'username': None, 'vms': 8.89453125}
{'pid': 3960, 'name': 'ZVMonNt.exe', 'username': None, 'vms': 29.796875}
{'pid': 3996, 'name': 'chrome.exe', 'username': 'DESKTOP-HD08MFE\\Gauri', 'vms': 24.41015625}
{'pid': 4124, 'name': 'svchost.exe', 'username': None, 'vms': 2.515625}
{'pid': 4132, 'name': 'svchost.exe', 'username': None, 'vms': 1.63671875}
{'pid': 4140, 'name': 'WEBPROT.EXE', 'username': None, 'vms': 13.11328125}
{'pid': 4148, 'name': 'SecurityHealthService.exe', 'username': None, 'vms': 4.02734375}
{'pid': 4156, 'name': 'svchost.exe', 'username': None, 'vms': 23.125}
{'pid': 4164, 'name': 'svchost.exe', 'username': None, 'vms': 1.52734375}
{'pid': 4172, 'name': 'ETDService.exe', 'username': None, 'vms': 1.06640625}
{'pid': 4188, 'name': 'IpOverUsbSvc.exe', 'username': None, 'vms': 7.74609375}
{'pid': 4196, 'name': 'SASrv.exe', 'username': None, 'vms': 1.33984375}
{'pid': 4204, 'name': 'Ext2Srv.exe', 'username': None, 'vms': 1.171875}
{'pid': 4224, 'name': 'sqlwriter.exe', 'username': None, 'vms': 1.59765625}
{'pid': 4236, 'name': 'NPProt.exe', 'username': None, 'vms': 0.9921875}
{'pid': 4244, 'name': 'SkypeBackgroundHost.exe', 'username': 'DESKTOP-HD08MFE\\Gauri', 'vms': 1.7734375}
{'pid': 4256, 'name': 'TeamViewer_Service.exe', 'username': None, 'vms': 6.46484375}
{'pid': 4276, 'name': 'ETDCtrlHelper.exe', 'username': 'DESKTOP-HD08MFE\\Gauri', 'vms': 2.8125}
{'pid': 4284, 'name': 'ETDIntelligent.exe', 'username': 'DESKTOP-HD08MFE\\Gauri', 'vms': 2.171875}
{'pid': 4292, 'name': 'svchost.exe', 'username': None, 'vms': 1.890625}
{'pid': 4364, 'name': 'chrome.exe', 'username': 'DESKTOP-HD08MFE\\Gauri', 'vms': 80.39453125}
{'pid': 4372, 'name': 'CoreSync.exe', 'username': 'DESKTOP-HD08MFE\\Gauri', 'vms': 17.33984375}
{'pid': 4496, 'name': 'chrome.exe', 'username': 'DESKTOP-HD08MFE\\Gauri', 'vms': 18.8203125}
{'pid': 4512, 'name': 'svchost.exe', 'username': None, 'vms': 4.703125}
{'pid': 4532, 'name': 'svchost.exe', 'username': None, 'vms': 2.21484375}
{'pid': 4536, 'name': 'svchost.exe', 'username': None, 'vms': 1.2734375}
{'pid': 4596, 'name': 'svchost.exe', 'username': None, 'vms': 3.8671875}
{'pid': 4652, 'name': 'chrome.exe', 'username': 'DESKTOP-HD08MFE\\Gauri', 'vms': 24.11328125}
{'pid': 4720, 'name': 'svchost.exe', 'username': None, 'vms': 2.2734375}
{'pid': 4788, 'name': 'svchost.exe', 'username': None, 'vms': 1.5625}
{'pid': 4828, 'name': 'IntelCpHeciSvc.exe', 'username': None, 'vms': 1.33984375}
{'pid': 4996, 'name': 'svchost.exe', 'username': None, 'vms': 1.61328125}
{'pid': 5036, 'name': 'figma_agent.exe', 'username': 'DESKTOP-HD08MFE\\Gauri', 'vms': 4.01171875}
{'pid': 5144, 'name': 'ZVCMD64.EXE', 'username': None, 'vms': 0.796875}
{'pid': 5580, 'name': 'unsecapp.exe', 'username': None, 'vms': 1.26171875}
{'pid': 5636, 'name': 'chrome.exe', 'username': 'DESKTOP-HD08MFE\\Gauri', 'vms': 1.83984375}
{'pid': 5724, 'name': 'chrome.exe', 'username': 'DESKTOP-HD08MFE\\Gauri', 'vms': 19.765625}
{'pid': 5788, 'name': 'svchost.exe', 'username': None, 'vms': 1.7421875}
{'pid': 5856, 'name': 'chrome.exe', 'username': 'DESKTOP-HD08MFE\\Gauri', 'vms': 21.28515625}
{'pid': 6300, 'name': 'conhost.exe', 'username': 'DESKTOP-HD08MFE\\Gauri', 'vms': 5.140625}
{'pid': 6356, 'name': 'CCXProcess.exe', 'username': 'DESKTOP-HD08MFE\\Gauri', 'vms': 0.5625}
{'pid': 6416, 'name': 'svchost.exe', 'username': 'DESKTOP-HD08MFE\\Gauri', 'vms': 3.21875}
{'pid': 6436, 'name': 'sihost.exe', 'username': 'DESKTOP-HD08MFE\\Gauri', 'vms': 6.17578125}
{'pid': 6456, 'name': 'ETDCtrl.exe', 'username': 'DESKTOP-HD08MFE\\Gauri', 'vms': 9.03125}
{'pid': 6468, 'name': 'svchost.exe', 'username': 'DESKTOP-HD08MFE\\Gauri', 'vms': 6.8515625}
{'pid': 6516, 'name': 'ZVMOUNT.EXE', 'username': 'DESKTOP-HD08MFE\\Gauri', 'vms': 1.8359375}
{'pid': 6540, 'name': 'svchost.exe', 'username': None, 'vms': 2.2421875}
{'pid': 6584, 'name': 'taskhostw.exe', 'username': 'DESKTOP-HD08MFE\\Gauri', 'vms': 5.51953125}
{'pid': 6644, 'name': 'chrome.exe', 'username': 'DESKTOP-HD08MFE\\Gauri', 'vms': 19.67578125}
{'pid': 6656, 'name': 'pycharm64.exe', 'username': 'DESKTOP-HD08MFE\\Gauri', 'vms': 887.484375}
{'pid': 6772, 'name': 'PresentationFontCache.exe', 'username': None, 'vms': 25.08203125}
{'pid': 6816, 'name': 'svchost.exe', 'username': None, 'vms': 1.47265625}
{'pid': 6964, 'name': 'ctfmon.exe', 'username': 'DESKTOP-HD08MFE\\Gauri', 'vms': 3.0078125}
{'pid': 7020, 'name': 'chrome.exe', 'username': 'DESKTOP-HD08MFE\\Gauri', 'vms': 91.7578125}
{'pid': 7040, 'name': 'svchost.exe', 'username': None, 'vms': 2.9140625}
{'pid': 7136, 'name': 'chrome.exe', 'username': 'DESKTOP-HD08MFE\\Gauri', 'vms': 17.859375}
{'pid': 7164, 'name': 'conhost.exe', 'username': 'DESKTOP-HD08MFE\\Gauri', 'vms': 5.171875}
{'pid': 7176, 'name': 'chrome.exe', 'username': 'DESKTOP-HD08MFE\\Gauri', 'vms': 18.75390625}
{'pid': 7212, 'name': 'chrome.exe', 'username': 'DESKTOP-HD08MFE\\Gauri', 'vms': 30.4140625}
{'pid': 7240, 'name': 'svchost.exe', 'username': None, 'vms': 4.96484375}
{'pid': 7292, 'name': 'chrome.exe', 'username': 'DESKTOP-HD08MFE\\Gauri', 'vms': 69.0546875}
{'pid': 7500, 'name': 'ShellExperienceHost.exe', 'username': 'DESKTOP-HD08MFE\\Gauri', 'vms': 35.6171875}
{'pid': 7512, 'name': 'chrome.exe', 'username': 'DESKTOP-HD08MFE\\Gauri', 'vms': 80.86328125}
{'pid': 7552, 'name': 'conhost.exe', 'username': 'DESKTOP-HD08MFE\\Gauri', 'vms': 6.2890625}
{'pid': 7580, 'name': 'node.exe', 'username': 'DESKTOP-HD08MFE\\Gauri', 'vms': 32.91015625}
{'pid': 7664, 'name': 'chrome.exe', 'username': 'DESKTOP-HD08MFE\\Gauri', 'vms': 32.765625}
{'pid': 7672, 'name': 'chrome.exe', 'username': 'DESKTOP-HD08MFE\\Gauri', 'vms': 35.765625}
{'pid': 7824, 'name': 'chrome.exe', 'username': 'DESKTOP-HD08MFE\\Gauri', 'vms': 447.796875}
{'pid': 7852, 'name': 'chrome.exe', 'username': 'DESKTOP-HD08MFE\\Gauri', 'vms': 17.99609375}
{'pid': 7904, 'name': 'conhost.exe', 'username': None, 'vms': 1.12890625}
{'pid': 8052, 'name': 'igfxEM.exe', 'username': 'DESKTOP-HD08MFE\\Gauri', 'vms': 3.51171875}
{'pid': 8064, 'name': 'chrome.exe', 'username': 'DESKTOP-HD08MFE\\Gauri', 'vms': 74.87109375}
{'pid': 8220, 'name': 'chrome.exe', 'username': 'DESKTOP-HD08MFE\\Gauri', 'vms': 18.69921875}
{'pid': 8308, 'name': 'SearchIndexer.exe', 'username': None, 'vms': 1.6484375}
{'pid': 8408, 'name': 'chrome.exe', 'username': 'DESKTOP-HD08MFE\\Gauri', 'vms': 18.1328125}
{'pid': 8420, 'name': 'APCONSVC.EXE', 'username': None, 'vms': 6.828125}
{'pid': 8492, 'name': 'chrome.exe', 'username': 'DESKTOP-HD08MFE\\Gauri', 'vms': 155.73046875}
{'pid': 8520, 'name': 'MSASCuiL.exe', 'username': 'DESKTOP-HD08MFE\\Gauri', 'vms': 1.8359375}
{'pid': 8536, 'name': 'DolbyDAX2TrayIcon.exe', 'username': 'DESKTOP-HD08MFE\\Gauri', 'vms': 3.68359375}
{'pid': 8560, 'name': 'fmapp.exe', 'username': 'DESKTOP-HD08MFE\\Gauri', 'vms': 0.9453125}
{'pid': 8608, 'name': 'CAudioFilterAgent64.exe', 'username': 'DESKTOP-HD08MFE\\Gauri', 'vms': 1.7578125}
{'pid': 8636, 'name': 'svchost.exe', 'username': None, 'vms': 3.875}
{'pid': 8664, 'name': 'chrome.exe', 'username': 'DESKTOP-HD08MFE\\Gauri', 'vms': 31.375}
{'pid': 8744, 'name': 'RuntimeBroker.exe', 'username': 'DESKTOP-HD08MFE\\Gauri', 'vms': 8.91015625}
{'pid': 8820, 'name': 'chrome.exe', 'username': 'DESKTOP-HD08MFE\\Gauri', 'vms': 54.07421875}
{'pid': 8956, 'name': 'dllhost.exe', 'username': 'DESKTOP-HD08MFE\\Gauri', 'vms': 1.9140625}
{'pid': 8988, 'name': 'svchost.exe', 'username': None, 'vms': 9.76171875}
{'pid': 9044, 'name': 'GoogleUpdate.exe', 'username': None, 'vms': 3.00390625}
{'pid': 9052, 'name': 'DolbyDAX2API.exe', 'username': None, 'vms': 25.51171875}
{'pid': 9076, 'name': 'chrome.exe', 'username': 'DESKTOP-HD08MFE\\Gauri', 'vms': 27.17578125}
{'pid': 9120, 'name': 'OneDrive.exe', 'username': 'DESKTOP-HD08MFE\\Gauri', 'vms': 28.90234375}
{'pid': 9136, 'name': 'conhost.exe', 'username': 'DESKTOP-HD08MFE\\Gauri', 'vms': 5.13671875}
{'pid': 9140, 'name': 'chrome.exe', 'username': 'DESKTOP-HD08MFE\\Gauri', 'vms': 1.671875}
{'pid': 9328, 'name': 'chrome.exe', 'username': 'DESKTOP-HD08MFE\\Gauri', 'vms': 22.671875}
{'pid': 9608, 'name': 'chrome.exe', 'username': 'DESKTOP-HD08MFE\\Gauri', 'vms': 18.98828125}
{'pid': 9780, 'name': 'chrome.exe', 'username': 'DESKTOP-HD08MFE\\Gauri', 'vms': 53.82421875}
{'pid': 9896, 'name': 'svchost.exe', 'username': 'DESKTOP-HD08MFE\\Gauri', 'vms': 4.953125}
{'pid': 9900, 'name': 'WSHelper.exe', 'username': 'DESKTOP-HD08MFE\\Gauri', 'vms': 7.76953125}
{'pid': 9916, 'name': 'chrome.exe', 'username': 'DESKTOP-HD08MFE\\Gauri', 'vms': 5.9375}
{'pid': 10000, 'name': 'Creative Cloud.exe', 'username': 'DESKTOP-HD08MFE\\Gauri', 'vms': 18.78515625}
{'pid': 10016, 'name': 'fsnotifier64.exe', 'username': 'DESKTOP-HD08MFE\\Gauri', 'vms': 0.51171875}
{'pid': 10028, 'name': 'AdobeIPCBroker.exe', 'username': 'DESKTOP-HD08MFE\\Gauri', 'vms': 3.890625}
{'pid': 10200, 'name': 'winpty-agent.exe', 'username': 'DESKTOP-HD08MFE\\Gauri', 'vms': 2.51171875}
{'pid': 10252, 'name': 'svchost.exe', 'username': None, 'vms': 2.03515625}
