--------------------------------------------------------------------------------
Process Logger:
--------------------------------------------------------------------------------

{'username': 'NT AUTHORITY\\SYSTEM', 'pid': 0, 'name': 'System Idle Process', 'vms': 0.05078125}
{'username': 'NT AUTHORITY\\SYSTEM', 'pid': 4, 'name': 'System', 'vms': 0.41796875}
{'username': 'DESKTOP-HD08MFE\\Gauri', 'pid': 104, 'name': 'cmd.exe', 'vms': 2.14453125}
{'username': None, 'pid': 344, 'name': 'winlogon.exe', 'vms': 2.27734375}
{'username': None, 'pid': 372, 'name': 'smss.exe', 'vms': 0.4453125}
{'username': None, 'pid': 504, 'name': 'fontdrvhost.exe', 'vms': 4.1484375}
{'username': None, 'pid': 552, 'name': 'csrss.exe', 'vms': 1.828125}
{'username': None, 'pid': 584, 'name': 'WUDFHost.exe', 'vms': 1.84765625}
{'username': None, 'pid': 660, 'name': 'svchost.exe', 'vms': 7.19921875}
{'username': None, 'pid': 664, 'name': 'wininit.exe', 'vms': 1.2578125}
{'username': None, 'pid': 680, 'name': 'csrss.exe', 'vms': 2.3359375}
{'username': None, 'pid': 736, 'name': 'services.exe', 'vms': 5.27734375}
{'username': None, 'pid': 780, 'name': 'lsass.exe', 'vms': 6.27734375}
{'username': 'DESKTOP-HD08MFE\\Gauri', 'pid': 824, 'name': 'LockApp.exe', 'vms': 14.40625}
{'username': None, 'pid': 892, 'name': 'svchost.exe', 'vms': 0.91015625}
{'username': None, 'pid': 916, 'name': 'svchost.exe', 'vms': 11.32421875}
{'username': None, 'pid': 936, 'name': 'fontdrvhost.exe', 'vms': 1.83203125}
{'username': 'DESKTOP-HD08MFE\\Gauri', 'pid': 984, 'name': 'RuntimeBroker.exe', 'vms': 8.953125}
{'username': None, 'pid': 1056, 'name': 'dasHost.exe', 'vms': 3.27734375}
{'username': None, 'pid': 1060, 'name': 'svchost.exe', 'vms': 2.515625}
{'username': None, 'pid': 1136, 'name': 'svchost.exe', 'vms': 4.515625}
{'username': None, 'pid': 1156, 'name': 'dwm.exe', 'vms': 54.54296875}
{'username': None, 'pid': 1220, 'name': 'svchost.exe', 'vms': 1.9375}
{'username': None, 'pid': 1272, 'name': 'svchost.exe', 'vms': 3.4609375}
{'username': None, 'pid': 1320, 'name': 'svchost.exe', 'vms': 2.421875}
{'username': None, 'pid': 1328, 'name': 'svchost.exe', 'vms': 7.9453125}
{'username': 'DESKTOP-HD08MFE\\Gauri', 'pid': 1384, 'name': 'RuntimeBroker.exe', 'vms': 6.6875}
{'username': None, 'pid': 1440, 'name': 'svchost.exe', 'vms': 6.08203125}
{'username': None, 'pid': 1448, 'name': 'svchost.exe', 'vms': 13.7421875}
{'username': None, 'pid': 1508, 'name': 'svchost.exe', 'vms': 2.109375}
{'username': None, 'pid': 1588, 'name': 'svchost.exe', 'vms': 2.55078125}
{'username': 'DESKTOP-HD08MFE\\Gauri', 'pid': 1616, 'name': 'RuntimeBroker.exe', 'vms': 7.25390625}
{'username': 'DESKTOP-HD08MFE\\Gauri', 'pid': 1648, 'name': 'Explorer.exe', 'vms': 52.65625}
{'username': None, 'pid': 1672, 'name': 'svchost.exe', 'vms': 1.6796875}
{'username': None, 'pid': 1740, 'name': 'svchost.exe', 'vms': 2.15625}
{'username': None, 'pid': 1760, 'name': 'svchost.exe', 'vms': 4.34765625}
{'username': None, 'pid': 1860, 'name': 'svchost.exe', 'vms': 2.234375}
{'username': 'DESKTOP-HD08MFE\\Gauri', 'pid': 1884, 'name': 'NPAV4.EXE', 'vms': 3.4921875}
{'username': None, 'pid': 1940, 'name': 'svchost.exe', 'vms': 1.546875}
{'username': None, 'pid': 1948, 'name': 'svchost.exe', 'vms': 1.90625}
{'username': None, 'pid': 1956, 'name': 'svchost.exe', 'vms': 1.81640625}
{'username': 'DESKTOP-HD08MFE\\Gauri', 'pid': 1984, 'name': 'SmartAudio.exe', 'vms': 56.140625}
{'username': None, 'pid': 2068, 'name': 'NVDisplay.Container.exe', 'vms': 2.546875}
{'username': None, 'pid': 2080, 'name': 'svchost.exe', 'vms': 1.8671875}
{'username': 'DESKTOP-HD08MFE\\Gauri', 'pid': 2100, 'name': 'cmd.exe', 'vms': 2.0859375}
{'username': None, 'pid': 2120, 'name': 'NPAVIDS.EXE', 'vms': 3.1171875}
{'username': None, 'pid': 2128, 'name': 'svchost.exe', 'vms': 2.66796875}
{'username': 'DESKTOP-HD08MFE\\Gauri', 'pid': 2132, 'name': 'chrome.exe', 'vms': 70.49609375}
{'username': None, 'pid': 2172, 'name': 'svchost.exe', 'vms': 3.29296875}
{'username': None, 'pid': 2184, 'name': 'svchost.exe', 'vms': 2.1953125}
{'username': 'DESKTOP-HD08MFE\\Gauri', 'pid': 2204, 'name': 'chrome.exe', 'vms': 80.54296875}
{'username': None, 'pid': 2304, 'name': 'svchost.exe', 'vms': 80.23046875}
{'username': None, 'pid': 2312, 'name': 'svchost.exe', 'vms': 1.296875}
{'username': None, 'pid': 2320, 'name': 'svchost.exe', 'vms': 2.0}
{'username': None, 'pid': 2384, 'name': 'Memory Compression', 'vms': 0.921875}
{'username': None, 'pid': 2456, 'name': 'svchost.exe', 'vms': 2.16796875}
{'username': None, 'pid': 2484, 'name': 'spoolsv.exe', 'vms': 5.84375}
{'username': None, 'pid': 2492, 'name': 'igfxCUIService.exe', 'vms': 1.6796875}
{'username': None, 'pid': 2548, 'name': 'svchost.exe', 'vms': 1.80859375}
{'username': None, 'pid': 2556, 'name': 'svchost.exe', 'vms': 1.6953125}
{'username': None, 'pid': 2652, 'name': 'svchost.exe', 'vms': 2.8671875}
{'username': None, 'pid': 2712, 'name': 'svchost.exe', 'vms': 1.92578125}
{'username': None, 'pid': 2716, 'name': 'svchost.exe', 'vms': 3.4375}
{'username': None, 'pid': 2736, 'name': 'svchost.exe', 'vms': 1.640625}
{'username': None, 'pid': 2744, 'name': 'svchost.exe', 'vms': 3.90234375}
{'username': None, 'pid': 2756, 'name': 'svchost.exe', 'vms': 3.296875}
{'username': None, 'pid': 2876, 'name': 'svchost.exe', 'vms': 1.93359375}
{'username': None, 'pid': 2940, 'name': 'svchost.exe', 'vms': 3.71875}
{'username': None, 'pid': 2960, 'name': 'svchost.exe', 'vms': 35.9765625}
{'username': None, 'pid': 3032, 'name': 'svchost.exe', 'vms': 5.375}
{'username': None, 'pid': 3044, 'name': 'EMON.EXE', 'vms': 8.921875}
{'username': 'DESKTOP-HD08MFE\\Gauri', 'pid': 3096, 'name': 'chrome.exe', 'vms': 94.57421875}
{'username': None, 'pid': 3128, 'name': 'svchost.exe', 'vms': 2.12109375}
{'username': None, 'pid': 3188, 'name': 'svchost.exe', 'vms': 7.1953125}
{'username': 'DESKTOP-HD08MFE\\Gauri', 'pid': 3276, 'name': 'chrome.exe', 'vms': 128.76171875}
{'username': 'DESKTOP-HD08MFE\\Gauri', 'pid': 3376, 'name': 'chrome.exe', 'vms': 71.92578125}
{'username': None, 'pid': 3468, 'name': 'nvxdsync.exe', 'vms': 13.01953125}
{'username': 'DESKTOP-HD08MFE\\Gauri', 'pid': 3480, 'name': 'chrome.exe', 'vms': 36.50390625}
{'username': None, 'pid': 3752, 'name': 'svchost.exe', 'vms': 3.35546875}
{'username': 'DESKTOP-HD08MFE\\Gauri', 'pid': 3788, 'name': 'chrome.exe', 'vms': 26.265625}
{'username': None, 'pid': 3816, 'name': 'armsvc.exe', 'vms': 2.69921875}
{'username': None, 'pid': 3824, 'name': 'AdminService.exe', 'vms': 4.62109375}
{'username': None, 'pid': 3832, 'name': 'AGMService.exe', 'vms': 2.375}
{'username': None, 'pid': 3852, 'name': 'IntelCpHDCPSvc.exe', 'vms': 1.3515625}
{'username': None, 'pid': 3872, 'name': 'AGSService.exe', 'vms': 1.88671875}
{'username': None, 'pid': 3880, 'name': 'CxUtilSvc.exe', 'vms': 1.40234375}
{'username': None, 'pid': 3892, 'name': 'CxAudMsg64.exe', 'vms': 1.86328125}
{'username': None, 'pid': 3928, 'name': 'svchost.exe', 'vms': 4.078125}
{'username': None, 'pid': 3940, 'name': 'svchost.exe', 'vms': 9.01953125}
{'username': None, 'pid': 3960, 'name': 'ZVMonNt.exe', 'vms': 29.28125}
{'username': 'DESKTOP-HD08MFE\\Gauri', 'pid': 3996, 'name': 'chrome.exe', 'vms': 19.60546875}
{'username': 'DESKTOP-HD08MFE\\Gauri', 'pid': 4040, 'name': 'chrome.exe', 'vms': 109.59375}
{'username': None, 'pid': 4124, 'name': 'svchost.exe', 'vms': 2.515625}
{'username': None, 'pid': 4132, 'name': 'svchost.exe', 'vms': 1.63671875}
{'username': None, 'pid': 4140, 'name': 'WEBPROT.EXE', 'vms': 11.75}
{'username': None, 'pid': 4148, 'name': 'SecurityHealthService.exe', 'vms': 4.02734375}
{'username': None, 'pid': 4156, 'name': 'svchost.exe', 'vms': 25.9453125}
{'username': None, 'pid': 4164, 'name': 'svchost.exe', 'vms': 1.52734375}
{'username': None, 'pid': 4172, 'name': 'ETDService.exe', 'vms': 1.06640625}
{'username': None, 'pid': 4188, 'name': 'IpOverUsbSvc.exe', 'vms': 7.74609375}
{'username': None, 'pid': 4196, 'name': 'SASrv.exe', 'vms': 1.33984375}
{'username': None, 'pid': 4204, 'name': 'Ext2Srv.exe', 'vms': 1.171875}
{'username': None, 'pid': 4224, 'name': 'sqlwriter.exe', 'vms': 1.59765625}
{'username': None, 'pid': 4236, 'name': 'NPProt.exe', 'vms': 0.9921875}
{'username': 'DESKTOP-HD08MFE\\Gauri', 'pid': 4244, 'name': 'SkypeBackgroundHost.exe', 'vms': 1.7734375}
{'username': None, 'pid': 4256, 'name': 'TeamViewer_Service.exe', 'vms': 6.53515625}
{'username': 'DESKTOP-HD08MFE\\Gauri', 'pid': 4276, 'name': 'ETDCtrlHelper.exe', 'vms': 2.8125}
{'username': 'DESKTOP-HD08MFE\\Gauri', 'pid': 4284, 'name': 'ETDIntelligent.exe', 'vms': 2.171875}
{'username': None, 'pid': 4292, 'name': 'svchost.exe', 'vms': 1.890625}
{'username': 'DESKTOP-HD08MFE\\Gauri', 'pid': 4364, 'name': 'chrome.exe', 'vms': 79.45703125}
{'username': 'DESKTOP-HD08MFE\\Gauri', 'pid': 4372, 'name': 'CoreSync.exe', 'vms': 17.19921875}
{'username': 'DESKTOP-HD08MFE\\Gauri', 'pid': 4496, 'name': 'chrome.exe', 'vms': 18.8046875}
{'username': None, 'pid': 4512, 'name': 'svchost.exe', 'vms': 4.7734375}
{'username': None, 'pid': 4532, 'name': 'svchost.exe', 'vms': 2.21484375}
{'username': None, 'pid': 4536, 'name': 'svchost.exe', 'vms': 1.21875}
{'username': None, 'pid': 4596, 'name': 'svchost.exe', 'vms': 3.703125}
{'username': 'DESKTOP-HD08MFE\\Gauri', 'pid': 4652, 'name': 'chrome.exe', 'vms': 22.20703125}
{'username': None, 'pid': 4720, 'name': 'svchost.exe', 'vms': 2.2578125}
{'username': None, 'pid': 4788, 'name': 'svchost.exe', 'vms': 1.5625}
{'username': None, 'pid': 4828, 'name': 'IntelCpHeciSvc.exe', 'vms': 1.33984375}
{'username': None, 'pid': 4996, 'name': 'svchost.exe', 'vms': 1.61328125}
{'username': 'DESKTOP-HD08MFE\\Gauri', 'pid': 5036, 'name': 'figma_agent.exe', 'vms': 4.01171875}
{'username': None, 'pid': 5144, 'name': 'ZVCMD64.EXE', 'vms': 0.796875}
{'username': None, 'pid': 5580, 'name': 'unsecapp.exe', 'vms': 1.265625}
{'username': 'DESKTOP-HD08MFE\\Gauri', 'pid': 5636, 'name': 'chrome.exe', 'vms': 1.83984375}
{'username': 'DESKTOP-HD08MFE\\Gauri', 'pid': 6300, 'name': 'conhost.exe', 'vms': 5.140625}
{'username': 'DESKTOP-HD08MFE\\Gauri', 'pid': 6356, 'name': 'CCXProcess.exe', 'vms': 0.5625}
{'username': 'DESKTOP-HD08MFE\\Gauri', 'pid': 6416, 'name': 'svchost.exe', 'vms': 3.2734375}
{'username': 'DESKTOP-HD08MFE\\Gauri', 'pid': 6436, 'name': 'sihost.exe', 'vms': 6.3359375}
{'username': 'DESKTOP-HD08MFE\\Gauri', 'pid': 6456, 'name': 'ETDCtrl.exe', 'vms': 9.03125}
{'username': 'DESKTOP-HD08MFE\\Gauri', 'pid': 6468, 'name': 'svchost.exe', 'vms': 7.23046875}
{'username': 'DESKTOP-HD08MFE\\Gauri', 'pid': 6516, 'name': 'ZVMOUNT.EXE', 'vms': 1.8359375}
{'username': None, 'pid': 6540, 'name': 'svchost.exe', 'vms': 2.31640625}
{'username': 'DESKTOP-HD08MFE\\Gauri', 'pid': 6584, 'name': 'taskhostw.exe', 'vms': 5.66796875}
{'username': 'DESKTOP-HD08MFE\\Gauri', 'pid': 6644, 'name': 'chrome.exe', 'vms': 17.78515625}
{'username': 'DESKTOP-HD08MFE\\Gauri', 'pid': 6656, 'name': 'pycharm64.exe', 'vms': 871.859375}
{'username': None, 'pid': 6772, 'name': 'PresentationFontCache.exe', 'vms': 25.08203125}
{'username': None, 'pid': 6816, 'name': 'svchost.exe', 'vms': 1.47265625}
{'username': 'DESKTOP-HD08MFE\\Gauri', 'pid': 6964, 'name': 'ctfmon.exe', 'vms': 2.97265625}
{'username': 'DESKTOP-HD08MFE\\Gauri', 'pid': 7020, 'name': 'chrome.exe', 'vms': 91.7578125}
{'username': None, 'pid': 7040, 'name': 'svchost.exe', 'vms': 2.94140625}
{'username': 'DESKTOP-HD08MFE\\Gauri', 'pid': 7164, 'name': 'conhost.exe', 'vms': 4.83203125}
{'username': 'DESKTOP-HD08MFE\\Gauri', 'pid': 7212, 'name': 'chrome.exe', 'vms': 31.48046875}
{'username': None, 'pid': 7240, 'name': 'svchost.exe', 'vms': 4.9453125}
{'username': 'DESKTOP-HD08MFE\\Gauri', 'pid': 7292, 'name': 'chrome.exe', 'vms': 69.0546875}
{'username': 'DESKTOP-HD08MFE\\Gauri', 'pid': 7500, 'name': 'ShellExperienceHost.exe', 'vms': 35.6171875}
{'username': 'DESKTOP-HD08MFE\\Gauri', 'pid': 7512, 'name': 'chrome.exe', 'vms': 80.86328125}
{'username': 'DESKTOP-HD08MFE\\Gauri', 'pid': 7552, 'name': 'conhost.exe', 'vms': 6.2890625}
{'username': 'DESKTOP-HD08MFE\\Gauri', 'pid': 7580, 'name': 'node.exe', 'vms': 32.91015625}
{'username': 'DESKTOP-HD08MFE\\Gauri', 'pid': 7664, 'name': 'chrome.exe', 'vms': 31.2734375}
{'username': 'DESKTOP-HD08MFE\\Gauri', 'pid': 7672, 'name': 'chrome.exe', 'vms': 11.390625}
{'username': 'DESKTOP-HD08MFE\\Gauri', 'pid': 7824, 'name': 'chrome.exe', 'vms': 414.6015625}
{'username': None, 'pid': 7904, 'name': 'conhost.exe', 'vms': 1.12890625}
{'username': 'DESKTOP-HD08MFE\\Gauri', 'pid': 8052, 'name': 'igfxEM.exe', 'vms': 3.51171875}
{'username': 'DESKTOP-HD08MFE\\Gauri', 'pid': 8064, 'name': 'chrome.exe', 'vms': 74.87109375}
{'username': None, 'pid': 8308, 'name': 'SearchIndexer.exe', 'vms': 1.703125}
{'username': 'DESKTOP-HD08MFE\\Gauri', 'pid': 8408, 'name': 'chrome.exe', 'vms': 18.1328125}
{'username': None, 'pid': 8420, 'name': 'APCONSVC.EXE', 'vms': 5.703125}
{'username': 'DESKTOP-HD08MFE\\Gauri', 'pid': 8492, 'name': 'chrome.exe', 'vms': 134.625}
{'username': 'DESKTOP-HD08MFE\\Gauri', 'pid': 8520, 'name': 'MSASCuiL.exe', 'vms': 1.8359375}
{'username': 'DESKTOP-HD08MFE\\Gauri', 'pid': 8536, 'name': 'DolbyDAX2TrayIcon.exe', 'vms': 3.68359375}
{'username': 'DESKTOP-HD08MFE\\Gauri', 'pid': 8560, 'name': 'fmapp.exe', 'vms': 0.9453125}
{'username': 'DESKTOP-HD08MFE\\Gauri', 'pid': 8608, 'name': 'CAudioFilterAgent64.exe', 'vms': 1.81640625}
{'username': None, 'pid': 8636, 'name': 'svchost.exe', 'vms': 4.1484375}
{'username': 'DESKTOP-HD08MFE\\Gauri', 'pid': 8664, 'name': 'chrome.exe', 'vms': 31.84765625}
{'username': 'DESKTOP-HD08MFE\\Gauri', 'pid': 8744, 'name': 'RuntimeBroker.exe', 'vms': 9.04296875}
{'username': 'DESKTOP-HD08MFE\\Gauri', 'pid': 8788, 'name': 'python.exe', 'vms': 12.28125}
{'username': 'DESKTOP-HD08MFE\\Gauri', 'pid': 8820, 'name': 'chrome.exe', 'vms': 54.35546875}
{'username': None, 'pid': 8952, 'name': 'svchost.exe', 'vms': 2.52734375}
{'username': 'DESKTOP-HD08MFE\\Gauri', 'pid': 8956, 'name': 'dllhost.exe', 'vms': 1.9140625}
{'username': None, 'pid': 9052, 'name': 'DolbyDAX2API.exe', 'vms': 25.60546875}
{'username': 'DESKTOP-HD08MFE\\Gauri', 'pid': 9120, 'name': 'OneDrive.exe', 'vms': 28.90234375}
{'username': 'DESKTOP-HD08MFE\\Gauri', 'pid': 9136, 'name': 'conhost.exe', 'vms': 5.13671875}
{'username': 'DESKTOP-HD08MFE\\Gauri', 'pid': 9140, 'name': 'chrome.exe', 'vms': 1.6328125}
{'username': 'DESKTOP-HD08MFE\\Gauri', 'pid': 9328, 'name': 'chrome.exe', 'vms': 21.890625}
{'username': 'DESKTOP-HD08MFE\\Gauri', 'pid': 9608, 'name': 'chrome.exe', 'vms': 18.98828125}
{'username': 'DESKTOP-HD08MFE\\Gauri', 'pid': 9780, 'name': 'chrome.exe', 'vms': 53.37109375}
{'username': 'DESKTOP-HD08MFE\\Gauri', 'pid': 9896, 'name': 'svchost.exe', 'vms': 4.953125}
{'username': 'DESKTOP-HD08MFE\\Gauri', 'pid': 9900, 'name': 'WSHelper.exe', 'vms': 7.76953125}
{'username': 'DESKTOP-HD08MFE\\Gauri', 'pid': 9916, 'name': 'chrome.exe', 'vms': 5.71484375}
{'username': 'DESKTOP-HD08MFE\\Gauri', 'pid': 10000, 'name': 'Creative Cloud.exe', 'vms': 18.625}
{'username': 'DESKTOP-HD08MFE\\Gauri', 'pid': 10016, 'name': 'fsnotifier64.exe', 'vms': 0.51171875}
{'username': 'DESKTOP-HD08MFE\\Gauri', 'pid': 10028, 'name': 'AdobeIPCBroker.exe', 'vms': 3.8984375}
{'username': 'DESKTOP-HD08MFE\\Gauri', 'pid': 10200, 'name': 'winpty-agent.exe', 'vms': 2.51171875}
{'username': None, 'pid': 10252, 'name': 'svchost.exe', 'vms': 2.03125}
{'username': 'DESKTOP-HD08MFE\\Gauri', 'pid': 10260, 'name': 'chrome.exe', 'vms': 53.484375}
{'username': None, 'pid': 10384, 'name': 'WmiPrvSE.exe', 'vms': 5.6328125}
{'username': 'DESKTOP-HD08MFE\\Gauri', 'pid': 10432, 'name': 'winpty-agent.exe', 'vms': 2.71484375}
{'username': 'DESKTOP-HD08MFE\\Gauri', 'pid': 10468, 'name': 'chrome.exe', 'vms': 80.56640625}
{'username': None, 'pid': 10596, 'name': 'NPHOST.EXE', 'vms': 3.5390625}
{'username': 'DESKTOP-HD08MFE\\Gauri', 'pid': 10736, 'name': 'chrome.exe', 'vms': 262.20703125}
{'username': None, 'pid': 10856, 'name': 'sppsvc.exe', 'vms': 1.4296875}
{'username': 'DESKTOP-HD08MFE\\Gauri', 'pid': 11032, 'name': 'conhost.exe', 'vms': 5.14453125}
{'username': None, 'pid': 11104, 'name': 'svchost.exe', 'vms': 1.296875}
{'username': 'DESKTOP-HD08MFE\\Gauri', 'pid': 11588, 'name': 'SearchUI.exe', 'vms': 87.19921875}
{'username': 'DESKTOP-HD08MFE\\Gauri', 'pid': 11728, 'name': 'Adobe Desktop Service.exe', 'vms': 156.35546875}
{'username': None, 'pid': 11952, 'name': 'svchost.exe', 'vms': 2.4296875}
{'username': 'DESKTOP-HD08MFE\\Gauri', 'pid': 12000, 'name': 'Adobe CEF Helper.exe', 'vms': 40.53515625}
{'username': 'DESKTOP-HD08MFE\\Gauri', 'pid': 12284, 'name': 'cmd.exe', 'vms': 1.8984375}
{'username': 'DESKTOP-HD08MFE\\Gauri', 'pid': 12352, 'name': 'chrome.exe', 'vms': 48.60546875}
{'username': None, 'pid': 13040, 'name': 'conhost.exe', 'vms': 1.26171875}
